<?xml version="1.0" encoding="UTF-8"?>
<!-- Generated by org.testng.reporters.JUnitXMLReporter -->
<testsuite hostname="LXG-PC" ignored="0" name="Default test" tests="3" failures="0" timestamp="06 五月 2018 08:11:16 GMT" time="293.369" errors="0">
  <testcase name="test001_login" time="29.705" classname="com.testng.study.ZhihuTests"/>
  <testcase name="test002_settings" time="131.774" classname="com.testng.study.ZhihuTests"/>
  <testcase name="test003_logout" time="51.424" classname="com.testng.study.ZhihuTests"/>
</testsuite> <!-- Default test -->
