<?xml version="1.0" encoding="UTF-8"?>
<!-- Generated by org.testng.reporters.JUnitXMLReporter -->
<testsuite hostname="LXG-PC" ignored="1" name="Default test2" tests="2" failures="0" timestamp="06 五月 2018 07:10:07 GMT" time="0.055" errors="0">
  <testcase name="test006_f222" time="0.007" classname="com.testng.study.Study3"/>
  <testcase name="f333" time="0.009" classname="com.testng.study.Study3"/>
  <testcase name="f111" time="0.0" classname="com.testng.study.Study3">
    <ignored/>
  </testcase> <!-- f111 -->
</testsuite> <!-- Default test2 -->
